c:\users\pc-13\desktop\projekat\poop_projekat\poop_projekat\x64\debug\vc143.pdb
c:\users\pc-13\desktop\projekat\poop_projekat\poop_projekat\x64\debug\vc143.idb
c:\users\pc-13\desktop\projekat\poop_projekat\poop_projekat\x64\debug\team.obj
c:\users\pc-13\desktop\projekat\poop_projekat\poop_projekat\x64\debug\structures.obj
c:\users\pc-13\desktop\projekat\poop_projekat\poop_projekat\x64\debug\sport.obj
c:\users\pc-13\desktop\projekat\poop_projekat\poop_projekat\x64\debug\medal.obj
c:\users\pc-13\desktop\projekat\poop_projekat\poop_projekat\x64\debug\main.obj
c:\users\pc-13\desktop\projekat\poop_projekat\poop_projekat\x64\debug\games.obj
c:\users\pc-13\desktop\projekat\poop_projekat\poop_projekat\x64\debug\event.obj
c:\users\pc-13\desktop\projekat\poop_projekat\poop_projekat\x64\debug\country.obj
c:\users\pc-13\desktop\projekat\poop_projekat\poop_projekat\x64\debug\competitor.obj
c:\users\pc-13\desktop\projekat\poop_projekat\poop_projekat\x64\debug\athlete.obj
c:\users\pc-13\desktop\projekat\poop_projekat\poop_projekat\x64\debug\person.obj
c:\users\pc-13\desktop\projekat\poop_projekat\x64\debug\poop_projekat.exe
c:\users\pc-13\desktop\projekat\poop_projekat\poop_projekat\x64\debug\poop_projekat.ilk
c:\users\pc-13\desktop\projekat\poop_projekat\x64\debug\poop_projekat.pdb
c:\users\pc-13\desktop\projekat\poop_projekat\poop_projekat\x64\debug\poop_projekat.tlog\cl.command.1.tlog
c:\users\pc-13\desktop\projekat\poop_projekat\poop_projekat\x64\debug\poop_projekat.tlog\cl.read.1.tlog
c:\users\pc-13\desktop\projekat\poop_projekat\poop_projekat\x64\debug\poop_projekat.tlog\cl.write.1.tlog
c:\users\pc-13\desktop\projekat\poop_projekat\poop_projekat\x64\debug\poop_projekat.tlog\link.command.1.tlog
c:\users\pc-13\desktop\projekat\poop_projekat\poop_projekat\x64\debug\poop_projekat.tlog\link.read.1.tlog
c:\users\pc-13\desktop\projekat\poop_projekat\poop_projekat\x64\debug\poop_projekat.tlog\link.write.1.tlog
